#! /usr/local/Cellar/icarus-verilog/10.0/bin/vvp
:ivl_version "10.0 (stable)" "(v10_0)";
:ivl_delay_selection "TYPICAL";
:vpi_time_precision + 0;
:vpi_module "system";
:vpi_module "vhdl_sys";
:vpi_module "v2005_math";
:vpi_module "va_math";
S_0x7facfa504350 .scope module, "conv_encoder_tb" "conv_encoder_tb" 2 1;
 .timescale 0 0;
v0x7facfa51cdc0_0 .var "clk", 0 0;
v0x7facfa51ce70_0 .var "clk_div2", 0 0;
v0x7facfa51cf00_0 .var "rst_n", 0 0;
v0x7facfa51cfb0_0 .var "x", 0 0;
v0x7facfa51d060_0 .net "y", 0 0, v0x7facfa51cca0_0;  1 drivers
S_0x7facfa50ca00 .scope module, "encoder" "conv_encoder" 2 12, 3 1 0, S_0x7facfa504350;
 .timescale 0 0;
    .port_info 0 /INPUT 1 "clk"
    .port_info 1 /INPUT 1 "clk_div2"
    .port_info 2 /INPUT 1 "x"
    .port_info 3 /INPUT 1 "rst_n"
    .port_info 4 /OUTPUT 1 "y"
v0x7facfa50cb60_0 .net "clk", 0 0, v0x7facfa51cdc0_0;  1 drivers
v0x7facfa51c920_0 .net "clk_div2", 0 0, v0x7facfa51ce70_0;  1 drivers
v0x7facfa51c9c0_0 .var "regs", 2 0;
v0x7facfa51ca80_0 .net "rst_n", 0 0, v0x7facfa51cf00_0;  1 drivers
v0x7facfa51cb20_0 .var "status", 0 0;
v0x7facfa51cc00_0 .net "x", 0 0, v0x7facfa51cfb0_0;  1 drivers
v0x7facfa51cca0_0 .var "y", 0 0;
E_0x7facfa502190 .event edge, v0x7facfa51cb20_0, v0x7facfa51c9c0_0;
E_0x7facfa502680/0 .event negedge, v0x7facfa51ca80_0;
E_0x7facfa502680/1 .event posedge, v0x7facfa50cb60_0;
E_0x7facfa502680 .event/or E_0x7facfa502680/0, E_0x7facfa502680/1;
E_0x7facfa502440/0 .event negedge, v0x7facfa51ca80_0;
E_0x7facfa502440/1 .event posedge, v0x7facfa51c920_0;
E_0x7facfa502440 .event/or E_0x7facfa502440/0, E_0x7facfa502440/1;
    .scope S_0x7facfa50ca00;
T_0 ;
    %wait E_0x7facfa502440;
    %load/vec4 v0x7facfa51ca80_0;
    %nor/r;
    %flag_set/vec4 8;
    %jmp/0xz  T_0.0, 8;
    %pushi/vec4 0, 0, 3;
    %assign/vec4 v0x7facfa51c9c0_0, 0;
    %jmp T_0.1;
T_0.0 ;
    %load/vec4 v0x7facfa51cc00_0;
    %load/vec4 v0x7facfa51c9c0_0;
    %parti/s 2, 1, 2;
    %concat/vec4; draw_concat_vec4
    %assign/vec4 v0x7facfa51c9c0_0, 0;
T_0.1 ;
    %jmp T_0;
    .thread T_0;
    .scope S_0x7facfa50ca00;
T_1 ;
    %wait E_0x7facfa502680;
    %load/vec4 v0x7facfa51ca80_0;
    %nor/r;
    %flag_set/vec4 8;
    %jmp/0xz  T_1.0, 8;
    %pushi/vec4 1, 0, 1;
    %assign/vec4 v0x7facfa51cb20_0, 0;
    %pushi/vec4 0, 0, 1;
    %assign/vec4 v0x7facfa51cca0_0, 0;
    %jmp T_1.1;
T_1.0 ;
    %load/vec4 v0x7facfa51cb20_0;
    %inv;
    %assign/vec4 v0x7facfa51cb20_0, 0;
T_1.1 ;
    %jmp T_1;
    .thread T_1;
    .scope S_0x7facfa50ca00;
T_2 ;
    %wait E_0x7facfa502190;
    %load/vec4 v0x7facfa51cb20_0;
    %flag_set/vec4 8;
    %jmp/0xz  T_2.0, 8;
    %load/vec4 v0x7facfa51c9c0_0;
    %parti/s 1, 2, 3;
    %load/vec4 v0x7facfa51c9c0_0;
    %parti/s 1, 1, 2;
    %xor;
    %load/vec4 v0x7facfa51c9c0_0;
    %parti/s 1, 0, 2;
    %xor;
    %assign/vec4 v0x7facfa51cca0_0, 0;
    %jmp T_2.1;
T_2.0 ;
    %load/vec4 v0x7facfa51c9c0_0;
    %parti/s 1, 2, 3;
    %load/vec4 v0x7facfa51c9c0_0;
    %parti/s 1, 0, 2;
    %xor;
    %assign/vec4 v0x7facfa51cca0_0, 0;
T_2.1 ;
    %jmp T_2;
    .thread T_2, $push;
    .scope S_0x7facfa504350;
T_3 ;
    %pushi/vec4 1, 0, 1;
    %store/vec4 v0x7facfa51cdc0_0, 0, 1;
    %end;
    .thread T_3;
    .scope S_0x7facfa504350;
T_4 ;
    %pushi/vec4 0, 0, 1;
    %store/vec4 v0x7facfa51ce70_0, 0, 1;
    %end;
    .thread T_4;
    .scope S_0x7facfa504350;
T_5 ;
    %delay 1, 0;
    %load/vec4 v0x7facfa51cdc0_0;
    %inv;
    %store/vec4 v0x7facfa51cdc0_0, 0, 1;
    %jmp T_5;
    .thread T_5;
    .scope S_0x7facfa504350;
T_6 ;
    %delay 2, 0;
    %load/vec4 v0x7facfa51ce70_0;
    %inv;
    %store/vec4 v0x7facfa51ce70_0, 0, 1;
    %jmp T_6;
    .thread T_6;
    .scope S_0x7facfa504350;
T_7 ;
    %pushi/vec4 0, 0, 1;
    %store/vec4 v0x7facfa51cfb0_0, 0, 1;
    %end;
    .thread T_7;
    .scope S_0x7facfa504350;
T_8 ;
    %pushi/vec4 0, 0, 1;
    %store/vec4 v0x7facfa51cf00_0, 0, 1;
    %end;
    .thread T_8;
    .scope S_0x7facfa504350;
T_9 ;
    %vpi_call 2 15 "$monitor", $time, " clk: %b, clk_div2: %b, x: %b, rst_n: %b, y: %b, regs: %b, status: %b", v0x7facfa51cdc0_0, v0x7facfa51ce70_0, v0x7facfa51cfb0_0, v0x7facfa51cf00_0, v0x7facfa51d060_0, v0x7facfa51c9c0_0, v0x7facfa51cb20_0 {0 0 0};
    %delay 5, 0;
    %pushi/vec4 1, 0, 1;
    %store/vec4 v0x7facfa51cf00_0, 0, 1;
    %delay 4, 0;
    %pushi/vec4 1, 0, 1;
    %store/vec4 v0x7facfa51cfb0_0, 0, 1;
    %delay 4, 0;
    %pushi/vec4 1, 0, 1;
    %store/vec4 v0x7facfa51cfb0_0, 0, 1;
    %delay 4, 0;
    %pushi/vec4 0, 0, 1;
    %store/vec4 v0x7facfa51cfb0_0, 0, 1;
    %delay 4, 0;
    %pushi/vec4 1, 0, 1;
    %store/vec4 v0x7facfa51cfb0_0, 0, 1;
    %delay 4, 0;
    %pushi/vec4 0, 0, 1;
    %store/vec4 v0x7facfa51cfb0_0, 0, 1;
    %delay 4, 0;
    %pushi/vec4 0, 0, 1;
    %store/vec4 v0x7facfa51cfb0_0, 0, 1;
    %delay 4, 0;
    %pushi/vec4 0, 0, 1;
    %store/vec4 v0x7facfa51cfb0_0, 0, 1;
    %delay 20, 0;
    %vpi_call 2 27 "$finish" {0 0 0};
    %end;
    .thread T_9;
# The file index is used to find the file name in the following table.
:file_names 4;
    "N/A";
    "<interactive>";
    "conv_encoder_tb.v";
    "conv_encoder.v";
